2023-09-07 20:11:31,531 INFO  [Log] Application opened  
2023-09-07 20:11:32,425 INFO  [Log] Login completed  
2023-09-07 20:11:33,379 INFO  [Log] logout completed  
2023-09-07 20:11:33,656 INFO  [Log] Application closed  
2023-09-07 20:11:38,018 INFO  [Log] Application opened  
2023-09-07 20:11:38,865 INFO  [Log] Login completed  
2023-09-07 20:11:39,963 INFO  [Log] Enter frame  
2023-09-07 20:11:43,324 INFO  [Log] New emp added  
2023-09-07 20:11:43,331 INFO  [Log] Exit from  
2023-09-07 20:11:43,518 INFO  [Log] Application closed  
2023-09-07 21:12:47,093 INFO  [Log] Application opened  
2023-09-07 21:12:48,981 INFO  [Log] Login completed  
2023-09-07 21:12:49,106 INFO  [Log] logout completed  
2023-09-07 21:12:49,350 INFO  [Log] Application closed  
2023-09-07 21:12:52,717 INFO  [Log] Application opened  
2023-09-07 21:12:54,395 INFO  [Log] Login completed  
2023-09-07 21:12:54,470 INFO  [Log] Enter frame  
2023-09-07 21:12:58,940 INFO  [Log] New emp added  
2023-09-07 21:12:58,949 INFO  [Log] Exit from  
2023-09-07 21:12:59,264 INFO  [Log] Application closed  
2023-09-08 19:53:28,362 INFO  [Log] Application opened  
2023-09-08 19:53:30,305 INFO  [Log] Login completed  
2023-09-08 19:53:30,426 INFO  [Log] logout completed  
2023-09-08 19:53:30,634 INFO  [Log] Application closed  
2023-09-08 19:53:34,168 INFO  [Log] Application opened  
2023-09-08 19:53:35,933 INFO  [Log] Login completed  
2023-09-08 19:53:36,006 INFO  [Log] Enter frame  
2023-09-08 19:53:39,169 INFO  [Log] New emp added  
2023-09-08 19:53:39,177 INFO  [Log] Exit from  
2023-09-08 19:53:39,367 INFO  [Log] Application closed  
2023-09-08 19:54:02,082 INFO  [Log] Application opened  
2023-09-08 19:54:03,772 INFO  [Log] Login completed  
2023-09-08 19:54:03,880 INFO  [Log] logout completed  
2023-09-08 19:54:04,033 INFO  [Log] Application closed  
2023-09-08 19:54:06,444 INFO  [Log] Application opened  
2023-09-08 19:54:08,100 INFO  [Log] Login completed  
2023-09-08 19:54:08,171 INFO  [Log] Enter frame  
2023-09-08 19:54:11,865 INFO  [Log] New emp added  
2023-09-08 19:54:11,874 INFO  [Log] Exit from  
2023-09-08 19:54:12,034 INFO  [Log] Application closed  
2023-09-09 11:17:32,153 INFO  [Log] Application opened  
2023-09-09 11:17:32,156 INFO  [Log] Application opened  
2023-09-09 11:17:34,516 INFO  [Log] Login completed  
2023-09-09 11:17:36,670 INFO  [Log] Login completed  
2023-09-09 11:17:37,034 INFO  [Log] logout completed  
2023-09-09 11:17:37,079 INFO  [Log] logout completed  
2023-09-09 11:17:37,644 INFO  [Log] Application closed  
2023-09-09 11:17:38,187 INFO  [Log] Application closed  
2023-09-09 11:17:46,769 INFO  [Log] Application opened  
2023-09-09 11:17:46,772 INFO  [Log] Application opened  
2023-09-09 11:17:48,183 INFO  [Log] Login completed  
2023-09-09 11:17:49,335 INFO  [Log] Login completed  
2023-09-09 11:17:49,896 INFO  [Log] Enter frame  
2023-09-09 11:17:50,103 INFO  [Log] Enter frame  
2023-09-09 11:17:54,884 INFO  [Log] New emp added  
2023-09-09 11:17:54,908 INFO  [Log] Exit from  
2023-09-09 11:17:55,436 INFO  [Log] Application closed  
2023-09-09 11:17:56,214 INFO  [Log] New emp added  
2023-09-09 11:17:56,226 INFO  [Log] Exit from  
2023-09-09 11:17:56,846 INFO  [Log] Application closed  
2023-09-09 12:48:35,829 INFO  [Log] Application opened  
2023-09-09 12:48:37,288 INFO  [Log] Login completed  
2023-09-09 12:48:37,450 INFO  [Log] logout completed  
2023-09-09 12:48:37,775 INFO  [Log] Application closed  
2023-09-09 12:48:40,900 INFO  [Log] Application opened  
2023-09-09 12:48:42,353 INFO  [Log] Login completed  
2023-09-09 12:48:42,444 INFO  [Log] Enter frame  
2023-09-09 12:48:45,668 INFO  [Log] New emp added  
2023-09-09 12:48:45,682 INFO  [Log] Exit from  
2023-09-09 12:48:45,962 INFO  [Log] Application closed  
2023-09-09 13:01:13,458 INFO  [Log] Application opened  
2023-09-09 13:01:15,677 INFO  [Log] Login completed  
2023-09-09 13:01:15,807 INFO  [Log] logout completed  
2023-09-09 13:01:16,098 INFO  [Log] Application closed  
2023-09-09 13:01:22,231 INFO  [Log] Application opened  
2023-09-09 13:01:24,378 INFO  [Log] Login completed  
2023-09-09 13:01:24,459 INFO  [Log] Enter frame  
2023-09-09 13:01:28,500 INFO  [Log] New emp added  
2023-09-09 13:01:28,506 INFO  [Log] Exit from  
2023-09-09 13:01:28,728 INFO  [Log] Application closed  
